
> vector@0.0.1 build
> vite build

[36mvite v6.3.5 [32mbuilding for production...[36m[39m
transforming...
[32mΓ£ô[39m 61 modules transformed.
Γ£ù Build failed in 1.04s
error during build:
[vite-plugin-pwa:build] [plugin vite-plugin-pwa:build] src/app/components/GoalWizard.tsx (1587:7): There was an error during the build:
  Transform failed with 2 errors:
C:/Users/clerc/Documents/Vector Project/Vector/src/app/components/GoalWizard.tsx:1587:7: ERROR: The character "}" is not valid inside a JSX element
C:/Users/clerc/Documents/Vector Project/Vector/src/app/components/GoalWizard.tsx:1587:11: ERROR: The character "}" is not valid inside a JSX element
Additionally, handling the error in the 'buildEnd' hook caused the following error:
  Transform failed with 2 errors:
C:/Users/clerc/Documents/Vector Project/Vector/src/app/components/GoalWizard.tsx:1587:7: ERROR: The character "}" is not valid inside a JSX element
C:/Users/clerc/Documents/Vector Project/Vector/src/app/components/GoalWizard.tsx:1587:11: ERROR: The character "}" is not valid inside a JSX element
file: C:/Users/clerc/Documents/Vector Project/Vector/src/app/components/GoalWizard.tsx:1587:7

The character "}" is not valid inside a JSX element
1585|            <button onClick={handleSave} className="flex items-center gap-2 px-6 py-3 bg-black dark:bg-white text-white dark:text-black rounded-full shadow-lg hover:shadow-xl transition-all font-medium"><CheckCircle2 size={18} />{t('wizard.save')}</button>
1586|          </div>
1587|        )} */}
   |         ^
1588|  
1589|        {result && (

The character "}" is not valid inside a JSX element
1585|            <button onClick={handleSave} className="flex items-center gap-2 px-6 py-3 bg-black dark:bg-white text-white dark:text-black rounded-full shadow-lg hover:shadow-xl transition-all font-medium"><CheckCircle2 size={18} />{t('wizard.save')}</button>
1586|          </div>
1587|        )} */}
   |             ^
1588|  
1589|        {result && (

    at getRollupError (file:///C:/Users/clerc/Documents/Vector%20Project/Vector/node_modules/rollup/dist/es/shared/parseAst.js:402:41)
    at file:///C:/Users/clerc/Documents/Vector%20Project/Vector/node_modules/rollup/dist/es/shared/node-entry.js:23441:39
    at process.processTicksAndRejections (node:internal/process/task_queues:105:5)
    at async catchUnfinishedHookActions (file:///C:/Users/clerc/Documents/Vector%20Project/Vector/node_modules/rollup/dist/es/shared/node-entry.js:22899:16)
    at async rollupInternal (file:///C:/Users/clerc/Documents/Vector%20Project/Vector/node_modules/rollup/dist/es/shared/node-entry.js:23424:5)
    at async buildEnvironment (file:///C:/Users/clerc/Documents/Vector%20Project/Vector/node_modules/vite/dist/node/chunks/dep-DBxKXgDP.js:46206:14)
    at async Object.defaultBuildApp [as buildApp] (file:///C:/Users/clerc/Documents/Vector%20Project/Vector/node_modules/vite/dist/node/chunks/dep-DBxKXgDP.js:46684:5)
    at async CAC.<anonymous> (file:///C:/Users/clerc/Documents/Vector%20Project/Vector/node_modules/vite/dist/node/cli.js:863:7)
